0 verbose cli C:\Program Files\nodejs\node.exe C:\Users\rayan\AppData\Roaming\npm\node_modules\npm\bin\npm-cli.js
1 info using npm@10.9.0
2 info using node@v20.18.0
3 silly config load:file:C:\Users\rayan\AppData\Roaming\npm\node_modules\npm\npmrc
4 silly config load:file:C:\Users\rayan\Desktop\UBER-VIDEO\.npmrc
5 silly config load:file:C:\Users\rayan\.npmrc
6 silly config load:file:C:\Users\rayan\AppData\Roaming\npm\etc\npmrc
7 verbose title npm i express
8 verbose argv "i" "express"
9 verbose logfile logs-max:10 dir:C:\Users\rayan\Desktop\UBER-VIDEO\UsersrayanAppDataLocalnpm-cache\_logs\2024-12-10T07_42_57_267Z-
10 verbose logfile C:\Users\rayan\Desktop\UBER-VIDEO\UsersrayanAppDataLocalnpm-cache\_logs\2024-12-10T07_42_57_267Z-debug-0.log
11 silly logfile done cleaning log files
12 silly packumentCache heap:4345298944 maxSize:1086324736 maxEntrySize:543162368
13 silly idealTree buildDeps
14 silly fetch manifest express@*
15 silly packumentCache full:https://registry.npmjs.org/express cache-miss
16 http fetch GET 200 https://registry.npmjs.org/npm 3927ms
17 http fetch GET 200 https://registry.npmjs.org/express 3897ms (cache miss)
18 silly packumentCache full:https://registry.npmjs.org/express set size:undefined disposed:false
19 silly placeDep ROOT express@4.21.2 OK for:  want: *
20 silly fetch manifest qs@6.13.0
21 silly packumentCache full:https://registry.npmjs.org/qs cache-miss
22 silly fetch manifest depd@2.0.0
23 silly packumentCache full:https://registry.npmjs.org/depd cache-miss
24 silly fetch manifest etag@~1.8.1
25 silly packumentCache full:https://registry.npmjs.org/etag cache-miss
26 silly fetch manifest send@0.19.0
27 silly packumentCache full:https://registry.npmjs.org/send cache-miss
28 silly fetch manifest vary@~1.1.2
29 silly packumentCache full:https://registry.npmjs.org/vary cache-miss
30 silly fetch manifest debug@2.6.9
31 silly packumentCache full:https://registry.npmjs.org/debug cache-miss
32 silly fetch manifest fresh@0.5.2
33 silly packumentCache full:https://registry.npmjs.org/fresh cache-miss
34 http fetch GET 200 https://registry.npmjs.org/depd 189ms (cache miss)
35 silly packumentCache full:https://registry.npmjs.org/depd set size:undefined disposed:false
36 silly fetch manifest cookie@0.7.1
37 silly packumentCache full:https://registry.npmjs.org/cookie cache-miss
38 http fetch GET 200 https://registry.npmjs.org/qs 200ms (cache miss)
39 silly packumentCache full:https://registry.npmjs.org/qs set size:undefined disposed:false
40 silly fetch manifest accepts@~1.3.8
41 silly packumentCache full:https://registry.npmjs.org/accepts cache-miss
42 http fetch GET 200 https://registry.npmjs.org/accepts 314ms (cache miss)
43 silly packumentCache full:https://registry.npmjs.org/accepts set size:undefined disposed:false
44 silly fetch manifest methods@~1.1.2
45 silly packumentCache full:https://registry.npmjs.org/methods cache-miss
46 http fetch GET 200 https://registry.npmjs.org/cookie 329ms (cache miss)
47 silly packumentCache full:https://registry.npmjs.org/cookie set size:undefined disposed:false
48 silly fetch manifest type-is@~1.6.18
49 silly packumentCache full:https://registry.npmjs.org/type-is cache-miss
50 http fetch GET 200 https://registry.npmjs.org/methods 182ms (cache miss)
51 silly packumentCache full:https://registry.npmjs.org/methods set size:undefined disposed:false
52 silly fetch manifest parseurl@~1.3.3
53 silly packumentCache full:https://registry.npmjs.org/parseurl cache-miss
54 http fetch GET 200 https://registry.npmjs.org/type-is 181ms (cache miss)
55 silly packumentCache full:https://registry.npmjs.org/type-is set size:undefined disposed:false
56 silly fetch manifest statuses@2.0.1
57 silly packumentCache full:https://registry.npmjs.org/statuses cache-miss
58 http fetch GET 200 https://registry.npmjs.org/fresh 713ms (cache miss)
59 silly packumentCache full:https://registry.npmjs.org/fresh set size:undefined disposed:false
60 silly fetch manifest encodeurl@~2.0.0
61 silly packumentCache full:https://registry.npmjs.org/encodeurl cache-miss
62 http fetch GET 200 https://registry.npmjs.org/vary 720ms (cache miss)
63 silly packumentCache full:https://registry.npmjs.org/vary set size:undefined disposed:false
64 silly fetch manifest proxy-addr@~2.0.7
65 silly packumentCache full:https://registry.npmjs.org/proxy-addr cache-miss
66 http fetch GET 200 https://registry.npmjs.org/etag 725ms (cache miss)
67 silly packumentCache full:https://registry.npmjs.org/etag set size:undefined disposed:false
68 silly fetch manifest body-parser@1.20.3
69 silly packumentCache full:https://registry.npmjs.org/body-parser cache-miss
70 http fetch GET 200 https://registry.npmjs.org/send 733ms (cache miss)
71 silly packumentCache full:https://registry.npmjs.org/send set size:undefined disposed:false
72 silly fetch manifest escape-html@~1.0.3
73 silly packumentCache full:https://registry.npmjs.org/escape-html cache-miss
74 http fetch GET 200 https://registry.npmjs.org/debug 739ms (cache miss)
75 silly packumentCache full:https://registry.npmjs.org/debug set size:undefined disposed:false
76 silly fetch manifest http-errors@2.0.0
77 silly packumentCache full:https://registry.npmjs.org/http-errors cache-miss
78 http fetch GET 200 https://registry.npmjs.org/parseurl 402ms (cache miss)
79 silly packumentCache full:https://registry.npmjs.org/parseurl set size:undefined disposed:false
80 silly fetch manifest on-finished@2.4.1
81 silly packumentCache full:https://registry.npmjs.org/on-finished cache-miss
82 http fetch GET 200 https://registry.npmjs.org/escape-html 381ms (cache miss)
83 silly packumentCache full:https://registry.npmjs.org/escape-html set size:undefined disposed:false
84 silly fetch manifest safe-buffer@5.2.1
85 silly packumentCache full:https://registry.npmjs.org/safe-buffer cache-miss
86 http fetch GET 200 https://registry.npmjs.org/http-errors 380ms (cache miss)
87 silly packumentCache full:https://registry.npmjs.org/http-errors set size:undefined disposed:false
88 silly fetch manifest utils-merge@1.0.1
89 silly packumentCache full:https://registry.npmjs.org/utils-merge cache-miss
90 http fetch GET 200 https://registry.npmjs.org/proxy-addr 406ms (cache miss)
91 silly packumentCache full:https://registry.npmjs.org/proxy-addr set size:undefined disposed:false
92 silly fetch manifest content-type@~1.0.4
93 silly packumentCache full:https://registry.npmjs.org/content-type cache-miss
94 http fetch GET 200 https://registry.npmjs.org/body-parser 419ms (cache miss)
95 silly packumentCache full:https://registry.npmjs.org/body-parser set size:undefined disposed:false
96 silly fetch manifest finalhandler@1.3.1
97 silly packumentCache full:https://registry.npmjs.org/finalhandler cache-miss
98 http fetch GET 200 https://registry.npmjs.org/statuses 451ms (cache miss)
99 silly packumentCache full:https://registry.npmjs.org/statuses set size:undefined disposed:false
100 silly fetch manifest range-parser@~1.2.1
101 silly packumentCache full:https://registry.npmjs.org/range-parser cache-miss
102 http fetch GET 200 https://registry.npmjs.org/encodeurl 445ms (cache miss)
103 silly packumentCache full:https://registry.npmjs.org/encodeurl set size:undefined disposed:false
104 silly fetch manifest serve-static@1.16.2
105 silly packumentCache full:https://registry.npmjs.org/serve-static cache-miss
106 http fetch GET 200 https://registry.npmjs.org/utils-merge 106ms (cache miss)
107 silly packumentCache full:https://registry.npmjs.org/utils-merge set size:undefined disposed:false
108 silly fetch manifest array-flatten@1.1.1
109 silly packumentCache full:https://registry.npmjs.org/array-flatten cache-miss
110 http fetch GET 200 https://registry.npmjs.org/finalhandler 85ms (cache miss)
111 silly packumentCache full:https://registry.npmjs.org/finalhandler set size:undefined disposed:false
112 silly fetch manifest path-to-regexp@0.1.12
113 silly packumentCache full:https://registry.npmjs.org/path-to-regexp cache-miss
114 http fetch GET 200 https://registry.npmjs.org/safe-buffer 134ms (cache miss)
115 silly packumentCache full:https://registry.npmjs.org/safe-buffer set size:undefined disposed:false
116 silly fetch manifest setprototypeof@1.2.0
117 silly packumentCache full:https://registry.npmjs.org/setprototypeof cache-miss
118 http fetch GET 200 https://registry.npmjs.org/range-parser 108ms (cache miss)
119 silly packumentCache full:https://registry.npmjs.org/range-parser set size:undefined disposed:false
120 silly fetch manifest cookie-signature@1.0.6
121 silly packumentCache full:https://registry.npmjs.org/cookie-signature cache-miss
122 http fetch GET 200 https://registry.npmjs.org/serve-static 113ms (cache miss)
123 silly packumentCache full:https://registry.npmjs.org/serve-static set size:undefined disposed:false
124 silly fetch manifest merge-descriptors@1.0.3
125 silly packumentCache full:https://registry.npmjs.org/merge-descriptors cache-miss
126 http fetch GET 200 https://registry.npmjs.org/content-type 149ms (cache miss)
127 silly packumentCache full:https://registry.npmjs.org/content-type set size:undefined disposed:false
128 silly fetch manifest content-disposition@0.5.4
129 silly packumentCache full:https://registry.npmjs.org/content-disposition cache-miss
130 http fetch GET 200 https://registry.npmjs.org/on-finished 175ms (cache miss)
131 silly packumentCache full:https://registry.npmjs.org/on-finished set size:undefined disposed:false
132 http fetch GET 200 https://registry.npmjs.org/array-flatten 76ms (cache miss)
133 silly packumentCache full:https://registry.npmjs.org/array-flatten set size:undefined disposed:false
134 http fetch GET 200 https://registry.npmjs.org/setprototypeof 143ms (cache miss)
135 silly packumentCache full:https://registry.npmjs.org/setprototypeof set size:undefined disposed:false
136 http fetch GET 200 https://registry.npmjs.org/cookie-signature 129ms (cache miss)
137 silly packumentCache full:https://registry.npmjs.org/cookie-signature set size:undefined disposed:false
138 http fetch GET 200 https://registry.npmjs.org/merge-descriptors 123ms (cache miss)
139 silly packumentCache full:https://registry.npmjs.org/merge-descriptors set size:undefined disposed:false
140 http fetch GET 200 https://registry.npmjs.org/content-disposition 121ms (cache miss)
141 silly packumentCache full:https://registry.npmjs.org/content-disposition set size:undefined disposed:false
142 http fetch GET 200 https://registry.npmjs.org/path-to-regexp 169ms (cache miss)
143 silly packumentCache full:https://registry.npmjs.org/path-to-regexp set size:undefined disposed:false
144 silly placeDep ROOT accepts@1.3.8 OK for: express@4.21.2 want: ~1.3.8
145 silly placeDep ROOT array-flatten@1.1.1 OK for: express@4.21.2 want: 1.1.1
146 silly placeDep ROOT body-parser@1.20.3 OK for: express@4.21.2 want: 1.20.3
147 silly placeDep ROOT content-disposition@0.5.4 OK for: express@4.21.2 want: 0.5.4
148 silly placeDep ROOT content-type@1.0.5 OK for: express@4.21.2 want: ~1.0.4
149 silly placeDep ROOT cookie@0.7.1 OK for: express@4.21.2 want: 0.7.1
150 silly placeDep ROOT cookie-signature@1.0.6 OK for: express@4.21.2 want: 1.0.6
151 silly placeDep ROOT debug@2.6.9 OK for: express@4.21.2 want: 2.6.9
152 silly placeDep ROOT depd@2.0.0 OK for: express@4.21.2 want: 2.0.0
153 silly placeDep ROOT encodeurl@2.0.0 OK for: express@4.21.2 want: ~2.0.0
154 silly placeDep ROOT escape-html@1.0.3 OK for: express@4.21.2 want: ~1.0.3
155 silly placeDep ROOT etag@1.8.1 OK for: express@4.21.2 want: ~1.8.1
156 silly placeDep ROOT finalhandler@1.3.1 OK for: express@4.21.2 want: 1.3.1
157 silly placeDep ROOT fresh@0.5.2 OK for: express@4.21.2 want: 0.5.2
158 silly placeDep ROOT http-errors@2.0.0 OK for: express@4.21.2 want: 2.0.0
159 silly placeDep ROOT merge-descriptors@1.0.3 OK for: express@4.21.2 want: 1.0.3
160 silly placeDep ROOT methods@1.1.2 OK for: express@4.21.2 want: ~1.1.2
161 silly placeDep ROOT on-finished@2.4.1 OK for: express@4.21.2 want: 2.4.1
162 silly placeDep ROOT parseurl@1.3.3 OK for: express@4.21.2 want: ~1.3.3
163 silly placeDep ROOT path-to-regexp@0.1.12 OK for: express@4.21.2 want: 0.1.12
164 silly placeDep ROOT proxy-addr@2.0.7 OK for: express@4.21.2 want: ~2.0.7
165 silly placeDep ROOT qs@6.13.0 OK for: express@4.21.2 want: 6.13.0
166 silly placeDep ROOT range-parser@1.2.1 OK for: express@4.21.2 want: ~1.2.1
167 silly placeDep ROOT safe-buffer@5.2.1 OK for: express@4.21.2 want: 5.2.1
168 silly placeDep ROOT send@0.19.0 OK for: express@4.21.2 want: 0.19.0
169 silly placeDep ROOT serve-static@1.16.2 OK for: express@4.21.2 want: 1.16.2
170 silly placeDep ROOT setprototypeof@1.2.0 OK for: express@4.21.2 want: 1.2.0
171 silly placeDep ROOT statuses@2.0.1 OK for: express@4.21.2 want: 2.0.1
172 silly placeDep ROOT type-is@1.6.18 OK for: express@4.21.2 want: ~1.6.18
173 silly placeDep ROOT utils-merge@1.0.1 OK for: express@4.21.2 want: 1.0.1
174 silly placeDep ROOT vary@1.1.2 OK for: express@4.21.2 want: ~1.1.2
175 silly fetch manifest mime-types@~2.1.34
176 silly packumentCache full:https://registry.npmjs.org/mime-types cache-miss
177 silly fetch manifest negotiator@0.6.3
178 silly packumentCache full:https://registry.npmjs.org/negotiator cache-miss
179 silly fetch manifest bytes@3.1.2
180 silly packumentCache full:https://registry.npmjs.org/bytes cache-miss
181 silly fetch manifest unpipe@1.0.0
182 silly packumentCache full:https://registry.npmjs.org/unpipe cache-miss
183 silly fetch manifest destroy@1.2.0
184 silly packumentCache full:https://registry.npmjs.org/destroy cache-miss
185 silly fetch manifest raw-body@2.5.2
186 silly packumentCache full:https://registry.npmjs.org/raw-body cache-miss
187 silly fetch manifest iconv-lite@0.4.24
188 silly packumentCache full:https://registry.npmjs.org/iconv-lite cache-miss
189 http fetch GET 200 https://registry.npmjs.org/destroy 423ms (cache miss)
190 silly packumentCache full:https://registry.npmjs.org/destroy set size:undefined disposed:false
191 silly fetch manifest content-type@~1.0.5
192 silly packumentCache full:https://registry.npmjs.org/content-type cache-miss
193 http fetch GET 200 https://registry.npmjs.org/negotiator 430ms (cache miss)
194 silly packumentCache full:https://registry.npmjs.org/negotiator set size:undefined disposed:false
195 silly fetch manifest ms@2.0.0
196 silly packumentCache full:https://registry.npmjs.org/ms cache-miss
197 http fetch GET 200 https://registry.npmjs.org/bytes 437ms (cache miss)
198 silly packumentCache full:https://registry.npmjs.org/bytes set size:undefined disposed:false
199 silly fetch manifest unpipe@~1.0.0
200 silly packumentCache full:https://registry.npmjs.org/unpipe cache-miss
201 http fetch GET 200 https://registry.npmjs.org/unpipe 439ms (cache miss)
202 silly packumentCache full:https://registry.npmjs.org/unpipe set size:undefined disposed:false
203 silly fetch manifest inherits@2.0.4
204 silly packumentCache full:https://registry.npmjs.org/inherits cache-miss
205 http fetch GET 200 https://registry.npmjs.org/iconv-lite 437ms (cache miss)
206 silly packumentCache full:https://registry.npmjs.org/iconv-lite set size:undefined disposed:false
207 silly fetch manifest toidentifier@1.0.1
208 silly packumentCache full:https://registry.npmjs.org/toidentifier cache-miss
209 http fetch GET 200 https://registry.npmjs.org/mime-types 450ms (cache miss)
210 silly packumentCache full:https://registry.npmjs.org/mime-types set size:undefined disposed:false
211 silly fetch manifest ee-first@1.1.1
212 silly packumentCache full:https://registry.npmjs.org/ee-first cache-miss
213 http fetch GET 200 https://registry.npmjs.org/raw-body 451ms (cache miss)
214 silly packumentCache full:https://registry.npmjs.org/raw-body set size:undefined disposed:false
215 silly fetch manifest forwarded@0.2.0
216 silly packumentCache full:https://registry.npmjs.org/forwarded cache-miss
217 http fetch GET 200 https://registry.npmjs.org/unpipe 36ms (cache hit)
218 silly packumentCache full:https://registry.npmjs.org/unpipe set size:3537 disposed:false
219 silly fetch manifest ipaddr.js@1.9.1
220 silly packumentCache full:https://registry.npmjs.org/ipaddr.js cache-miss
221 http fetch GET 200 https://registry.npmjs.org/content-type 48ms (cache hit)
222 silly packumentCache full:https://registry.npmjs.org/content-type set size:17251 disposed:false
223 silly fetch manifest side-channel@^1.0.6
224 silly packumentCache full:https://registry.npmjs.org/side-channel cache-miss
225 http fetch GET 200 https://registry.npmjs.org/inherits 272ms (cache miss)
226 silly packumentCache full:https://registry.npmjs.org/inherits set size:undefined disposed:false
227 silly fetch manifest ms@2.1.3
228 silly packumentCache full:https://registry.npmjs.org/ms cache-miss
229 http fetch GET 200 https://registry.npmjs.org/forwarded 255ms (cache miss)
230 silly packumentCache full:https://registry.npmjs.org/forwarded set size:undefined disposed:false
231 silly fetch manifest mime@1.6.0
232 silly packumentCache full:https://registry.npmjs.org/mime cache-miss
233 http fetch GET 200 https://registry.npmjs.org/side-channel 240ms (cache miss)
234 silly packumentCache full:https://registry.npmjs.org/side-channel set size:undefined disposed:false
235 silly fetch manifest encodeurl@~1.0.2
236 silly packumentCache full:https://registry.npmjs.org/encodeurl cache-miss
237 http fetch GET 200 https://registry.npmjs.org/toidentifier 276ms (cache miss)
238 silly packumentCache full:https://registry.npmjs.org/toidentifier set size:undefined disposed:false
239 silly fetch manifest mime-types@~2.1.24
240 silly packumentCache full:https://registry.npmjs.org/mime-types cache-miss
241 http fetch GET 200 https://registry.npmjs.org/ee-first 274ms (cache miss)
242 silly packumentCache full:https://registry.npmjs.org/ee-first set size:undefined disposed:false
243 silly fetch manifest media-typer@0.3.0
244 silly packumentCache full:https://registry.npmjs.org/media-typer cache-miss
245 http fetch GET 200 https://registry.npmjs.org/ipaddr.js 255ms (cache miss)
246 silly packumentCache full:https://registry.npmjs.org/ipaddr.js set size:undefined disposed:false
247 http fetch GET 200 https://registry.npmjs.org/ms 301ms (cache miss)
248 silly packumentCache full:https://registry.npmjs.org/ms set size:undefined disposed:false
249 http fetch GET 200 https://registry.npmjs.org/encodeurl 26ms (cache hit)
250 silly packumentCache full:https://registry.npmjs.org/encodeurl set size:12296 disposed:false
251 http fetch GET 200 https://registry.npmjs.org/mime-types 24ms (cache hit)
252 silly packumentCache full:https://registry.npmjs.org/mime-types set size:129792 disposed:false
253 http fetch GET 200 https://registry.npmjs.org/ms 81ms (cache miss)
254 silly packumentCache full:https://registry.npmjs.org/ms set size:undefined disposed:false
255 http fetch GET 200 https://registry.npmjs.org/mime 140ms (cache miss)
256 silly packumentCache full:https://registry.npmjs.org/mime set size:undefined disposed:false
257 http fetch GET 200 https://registry.npmjs.org/media-typer 135ms (cache miss)
258 silly packumentCache full:https://registry.npmjs.org/media-typer set size:undefined disposed:false
259 silly placeDep ROOT mime-types@2.1.35 OK for: accepts@1.3.8 want: ~2.1.34
260 silly placeDep ROOT negotiator@0.6.3 OK for: accepts@1.3.8 want: 0.6.3
261 silly fetch manifest mime-db@1.52.0
262 silly packumentCache full:https://registry.npmjs.org/mime-db cache-miss
263 http fetch GET 200 https://registry.npmjs.org/mime-db 298ms (cache miss)
264 silly packumentCache full:https://registry.npmjs.org/mime-db set size:undefined disposed:false
265 silly placeDep ROOT bytes@3.1.2 OK for: body-parser@1.20.3 want: 3.1.2
266 silly placeDep ROOT destroy@1.2.0 OK for: body-parser@1.20.3 want: 1.2.0
267 silly placeDep ROOT iconv-lite@0.4.24 OK for: body-parser@1.20.3 want: 0.4.24
268 silly placeDep ROOT raw-body@2.5.2 OK for: body-parser@1.20.3 want: 2.5.2
269 silly placeDep ROOT unpipe@1.0.0 OK for: body-parser@1.20.3 want: 1.0.0
270 silly fetch manifest safer-buffer@>= 2.1.2 < 3
271 silly packumentCache full:https://registry.npmjs.org/safer-buffer cache-miss
272 http fetch GET 200 https://registry.npmjs.org/safer-buffer 477ms (cache miss)
273 silly packumentCache full:https://registry.npmjs.org/safer-buffer set size:undefined disposed:false
274 silly placeDep ROOT ms@2.0.0 OK for: debug@2.6.9 want: 2.0.0
275 silly placeDep ROOT inherits@2.0.4 OK for: http-errors@2.0.0 want: 2.0.4
276 silly placeDep ROOT toidentifier@1.0.1 OK for: http-errors@2.0.0 want: 1.0.1
277 silly placeDep ROOT safer-buffer@2.1.2 OK for: iconv-lite@0.4.24 want: >= 2.1.2 < 3
278 silly placeDep ROOT mime-db@1.52.0 OK for: mime-types@2.1.35 want: 1.52.0
279 silly placeDep ROOT ee-first@1.1.1 OK for: on-finished@2.4.1 want: 1.1.1
280 silly placeDep ROOT forwarded@0.2.0 OK for: proxy-addr@2.0.7 want: 0.2.0
281 silly placeDep ROOT ipaddr.js@1.9.1 OK for: proxy-addr@2.0.7 want: 1.9.1
282 silly placeDep ROOT side-channel@1.0.6 OK for: qs@6.13.0 want: ^1.0.6
283 silly fetch manifest call-bind@^1.0.7
284 silly packumentCache full:https://registry.npmjs.org/call-bind cache-miss
285 silly fetch manifest es-errors@^1.3.0
286 silly packumentCache full:https://registry.npmjs.org/es-errors cache-miss
287 silly fetch manifest get-intrinsic@^1.2.4
288 silly packumentCache full:https://registry.npmjs.org/get-intrinsic cache-miss
289 silly fetch manifest object-inspect@^1.13.1
290 silly packumentCache full:https://registry.npmjs.org/object-inspect cache-miss
291 http fetch GET 200 https://registry.npmjs.org/call-bind 352ms (cache miss)
292 silly packumentCache full:https://registry.npmjs.org/call-bind set size:undefined disposed:false
293 http fetch GET 200 https://registry.npmjs.org/es-errors 355ms (cache miss)
294 silly packumentCache full:https://registry.npmjs.org/es-errors set size:undefined disposed:false
295 http fetch GET 200 https://registry.npmjs.org/get-intrinsic 355ms (cache miss)
296 silly packumentCache full:https://registry.npmjs.org/get-intrinsic set size:undefined disposed:false
297 http fetch GET 200 https://registry.npmjs.org/object-inspect 358ms (cache miss)
298 silly packumentCache full:https://registry.npmjs.org/object-inspect set size:undefined disposed:false
299 silly placeDep node_modules/send encodeurl@1.0.2 OK for: send@0.19.0 want: ~1.0.2
300 silly placeDep ROOT mime@1.6.0 OK for: send@0.19.0 want: 1.6.0
301 silly placeDep node_modules/send ms@2.1.3 OK for: send@0.19.0 want: 2.1.3
302 silly placeDep ROOT call-bind@1.0.8 OK for: side-channel@1.0.6 want: ^1.0.7
303 silly placeDep ROOT es-errors@1.3.0 OK for: side-channel@1.0.6 want: ^1.3.0
304 silly placeDep ROOT get-intrinsic@1.2.5 OK for: side-channel@1.0.6 want: ^1.2.4
305 silly placeDep ROOT object-inspect@1.13.3 OK for: side-channel@1.0.6 want: ^1.13.1
306 silly fetch manifest call-bind-apply-helpers@^1.0.0
307 silly packumentCache full:https://registry.npmjs.org/call-bind-apply-helpers cache-miss
308 silly fetch manifest es-define-property@^1.0.0
309 silly packumentCache full:https://registry.npmjs.org/es-define-property cache-miss
310 silly fetch manifest set-function-length@^1.2.2
311 silly packumentCache full:https://registry.npmjs.org/set-function-length cache-miss
312 silly fetch manifest call-bind-apply-helpers@^1.0.0
313 silly packumentCache full:https://registry.npmjs.org/call-bind-apply-helpers cache-miss
314 silly fetch manifest dunder-proto@^1.0.0
315 silly packumentCache full:https://registry.npmjs.org/dunder-proto cache-miss
316 silly fetch manifest es-define-property@^1.0.1
317 silly packumentCache full:https://registry.npmjs.org/es-define-property cache-miss
318 silly fetch manifest function-bind@^1.1.2
319 silly packumentCache full:https://registry.npmjs.org/function-bind cache-miss
320 http fetch GET 200 https://registry.npmjs.org/call-bind-apply-helpers 129ms (cache miss)
321 silly packumentCache full:https://registry.npmjs.org/call-bind-apply-helpers set size:undefined disposed:false
322 silly fetch manifest gopd@^1.2.0
323 silly packumentCache full:https://registry.npmjs.org/gopd cache-miss
324 http fetch GET 200 https://registry.npmjs.org/call-bind-apply-helpers 136ms (cache miss)
325 silly packumentCache full:https://registry.npmjs.org/call-bind-apply-helpers set size:undefined disposed:false
326 silly fetch manifest has-symbols@^1.1.0
327 silly packumentCache full:https://registry.npmjs.org/has-symbols cache-miss
328 http fetch GET 200 https://registry.npmjs.org/set-function-length 137ms (cache miss)
329 silly packumentCache full:https://registry.npmjs.org/set-function-length set size:undefined disposed:false
330 silly fetch manifest hasown@^2.0.2
331 silly packumentCache full:https://registry.npmjs.org/hasown cache-miss
332 http fetch GET 200 https://registry.npmjs.org/es-define-property 152ms (cache miss)
333 silly packumentCache full:https://registry.npmjs.org/es-define-property set size:undefined disposed:false
334 http fetch GET 200 https://registry.npmjs.org/dunder-proto 151ms (cache miss)
335 silly packumentCache full:https://registry.npmjs.org/dunder-proto set size:undefined disposed:false
336 http fetch GET 200 https://registry.npmjs.org/function-bind 152ms (cache miss)
337 silly packumentCache full:https://registry.npmjs.org/function-bind set size:undefined disposed:false
338 http fetch GET 200 https://registry.npmjs.org/es-define-property 393ms (cache miss)
339 silly packumentCache full:https://registry.npmjs.org/es-define-property set size:undefined disposed:false
340 http fetch GET 200 https://registry.npmjs.org/gopd 267ms (cache miss)
341 silly packumentCache full:https://registry.npmjs.org/gopd set size:undefined disposed:false
342 http fetch GET 200 https://registry.npmjs.org/hasown 260ms (cache miss)
343 silly packumentCache full:https://registry.npmjs.org/hasown set size:undefined disposed:false
344 http fetch GET 200 https://registry.npmjs.org/has-symbols 267ms (cache miss)
345 silly packumentCache full:https://registry.npmjs.org/has-symbols set size:undefined disposed:false
346 silly placeDep ROOT call-bind-apply-helpers@1.0.1 OK for: call-bind@1.0.8 want: ^1.0.0
347 silly placeDep ROOT es-define-property@1.0.1 OK for: call-bind@1.0.8 want: ^1.0.0
348 silly placeDep ROOT set-function-length@1.2.2 OK for: call-bind@1.0.8 want: ^1.2.2
349 silly fetch manifest define-data-property@^1.1.4
350 silly packumentCache full:https://registry.npmjs.org/define-data-property cache-miss
351 silly fetch manifest gopd@^1.0.1
352 silly packumentCache full:https://registry.npmjs.org/gopd cache-miss
353 silly fetch manifest has-property-descriptors@^1.0.2
354 silly packumentCache full:https://registry.npmjs.org/has-property-descriptors cache-miss
355 http fetch GET 200 https://registry.npmjs.org/gopd 10ms (cache hit)
356 silly packumentCache full:https://registry.npmjs.org/gopd set size:11458 disposed:false
357 http fetch GET 200 https://registry.npmjs.org/define-data-property 59ms (cache miss)
358 silly packumentCache full:https://registry.npmjs.org/define-data-property set size:undefined disposed:false
359 http fetch GET 200 https://registry.npmjs.org/has-property-descriptors 318ms (cache miss)
360 silly packumentCache full:https://registry.npmjs.org/has-property-descriptors set size:undefined disposed:false
361 silly placeDep ROOT function-bind@1.1.2 OK for: call-bind-apply-helpers@1.0.1 want: ^1.1.2
362 silly placeDep ROOT dunder-proto@1.0.0 OK for: get-intrinsic@1.2.5 want: ^1.0.0
363 silly placeDep ROOT gopd@1.2.0 OK for: get-intrinsic@1.2.5 want: ^1.2.0
364 silly placeDep ROOT has-symbols@1.1.0 OK for: get-intrinsic@1.2.5 want: ^1.1.0
365 silly placeDep ROOT hasown@2.0.2 OK for: get-intrinsic@1.2.5 want: ^2.0.2
366 silly placeDep ROOT define-data-property@1.1.4 OK for: set-function-length@1.2.2 want: ^1.1.4
367 silly placeDep ROOT has-property-descriptors@1.0.2 OK for: set-function-length@1.2.2 want: ^1.0.2
368 silly placeDep ROOT media-typer@0.3.0 OK for: type-is@1.6.18 want: 0.3.0
369 silly reify moves {}
370 silly tarball no local data for media-typer@https://registry.npmjs.org/media-typer/-/media-typer-0.3.0.tgz. Extracting by manifest.
371 silly tarball no local data for has-property-descriptors@https://registry.npmjs.org/has-property-descriptors/-/has-property-descriptors-1.0.2.tgz. Extracting by manifest.
372 silly tarball no local data for define-data-property@https://registry.npmjs.org/define-data-property/-/define-data-property-1.1.4.tgz. Extracting by manifest.
373 silly tarball no local data for function-bind@https://registry.npmjs.org/function-bind/-/function-bind-1.1.2.tgz. Extracting by manifest.
374 silly tarball no local data for has-symbols@https://registry.npmjs.org/has-symbols/-/has-symbols-1.1.0.tgz. Extracting by manifest.
375 silly tarball no local data for hasown@https://registry.npmjs.org/hasown/-/hasown-2.0.2.tgz. Extracting by manifest.
376 silly tarball no local data for gopd@https://registry.npmjs.org/gopd/-/gopd-1.2.0.tgz. Extracting by manifest.
377 silly tarball no local data for dunder-proto@https://registry.npmjs.org/dunder-proto/-/dunder-proto-1.0.0.tgz. Extracting by manifest.
378 silly tarball no local data for set-function-length@https://registry.npmjs.org/set-function-length/-/set-function-length-1.2.2.tgz. Extracting by manifest.
379 silly tarball no local data for es-define-property@https://registry.npmjs.org/es-define-property/-/es-define-property-1.0.1.tgz. Extracting by manifest.
380 silly tarball no local data for get-intrinsic@https://registry.npmjs.org/get-intrinsic/-/get-intrinsic-1.2.5.tgz. Extracting by manifest.
381 silly tarball no local data for call-bind-apply-helpers@https://registry.npmjs.org/call-bind-apply-helpers/-/call-bind-apply-helpers-1.0.1.tgz. Extracting by manifest.
382 silly tarball no local data for es-errors@https://registry.npmjs.org/es-errors/-/es-errors-1.3.0.tgz. Extracting by manifest.
383 silly tarball no local data for object-inspect@https://registry.npmjs.org/object-inspect/-/object-inspect-1.13.3.tgz. Extracting by manifest.
384 silly tarball no local data for side-channel@https://registry.npmjs.org/side-channel/-/side-channel-1.0.6.tgz. Extracting by manifest.
385 silly tarball no local data for mime@https://registry.npmjs.org/mime/-/mime-1.6.0.tgz. Extracting by manifest.
386 silly tarball no local data for call-bind@https://registry.npmjs.org/call-bind/-/call-bind-1.0.8.tgz. Extracting by manifest.
387 silly tarball no local data for ee-first@https://registry.npmjs.org/ee-first/-/ee-first-1.1.1.tgz. Extracting by manifest.
388 silly tarball no local data for ipaddr.js@https://registry.npmjs.org/ipaddr.js/-/ipaddr.js-1.9.1.tgz. Extracting by manifest.
389 silly tarball no local data for mime-db@https://registry.npmjs.org/mime-db/-/mime-db-1.52.0.tgz. Extracting by manifest.
390 silly tarball no local data for forwarded@https://registry.npmjs.org/forwarded/-/forwarded-0.2.0.tgz. Extracting by manifest.
391 silly tarball no local data for safer-buffer@https://registry.npmjs.org/safer-buffer/-/safer-buffer-2.1.2.tgz. Extracting by manifest.
392 silly tarball no local data for toidentifier@https://registry.npmjs.org/toidentifier/-/toidentifier-1.0.1.tgz. Extracting by manifest.
393 silly tarball no local data for unpipe@https://registry.npmjs.org/unpipe/-/unpipe-1.0.0.tgz. Extracting by manifest.
394 silly tarball no local data for inherits@https://registry.npmjs.org/inherits/-/inherits-2.0.4.tgz. Extracting by manifest.
395 silly tarball no local data for ms@https://registry.npmjs.org/ms/-/ms-2.0.0.tgz. Extracting by manifest.
396 silly tarball no local data for raw-body@https://registry.npmjs.org/raw-body/-/raw-body-2.5.2.tgz. Extracting by manifest.
397 silly tarball no local data for bytes@https://registry.npmjs.org/bytes/-/bytes-3.1.2.tgz. Extracting by manifest.
398 silly tarball no local data for destroy@https://registry.npmjs.org/destroy/-/destroy-1.2.0.tgz. Extracting by manifest.
399 silly tarball no local data for iconv-lite@https://registry.npmjs.org/iconv-lite/-/iconv-lite-0.4.24.tgz. Extracting by manifest.
400 silly tarball no local data for negotiator@https://registry.npmjs.org/negotiator/-/negotiator-0.6.3.tgz. Extracting by manifest.
401 silly tarball no local data for mime-types@https://registry.npmjs.org/mime-types/-/mime-types-2.1.35.tgz. Extracting by manifest.
402 silly tarball no local data for vary@https://registry.npmjs.org/vary/-/vary-1.1.2.tgz. Extracting by manifest.
403 silly tarball no local data for statuses@https://registry.npmjs.org/statuses/-/statuses-2.0.1.tgz. Extracting by manifest.
404 silly tarball no local data for utils-merge@https://registry.npmjs.org/utils-merge/-/utils-merge-1.0.1.tgz. Extracting by manifest.
405 silly tarball no local data for setprototypeof@https://registry.npmjs.org/setprototypeof/-/setprototypeof-1.2.0.tgz. Extracting by manifest.
406 silly tarball no local data for serve-static@https://registry.npmjs.org/serve-static/-/serve-static-1.16.2.tgz. Extracting by manifest.
407 silly tarball no local data for type-is@https://registry.npmjs.org/type-is/-/type-is-1.6.18.tgz. Extracting by manifest.
408 silly tarball no local data for send@https://registry.npmjs.org/send/-/send-0.19.0.tgz. Extracting by manifest.
409 silly tarball no local data for range-parser@https://registry.npmjs.org/range-parser/-/range-parser-1.2.1.tgz. Extracting by manifest.
410 silly tarball no local data for safe-buffer@https://registry.npmjs.org/safe-buffer/-/safe-buffer-5.2.1.tgz. Extracting by manifest.
411 silly tarball no local data for path-to-regexp@https://registry.npmjs.org/path-to-regexp/-/path-to-regexp-0.1.12.tgz. Extracting by manifest.
412 silly tarball no local data for proxy-addr@https://registry.npmjs.org/proxy-addr/-/proxy-addr-2.0.7.tgz. Extracting by manifest.
413 silly tarball no local data for qs@https://registry.npmjs.org/qs/-/qs-6.13.0.tgz. Extracting by manifest.
414 silly tarball no local data for on-finished@https://registry.npmjs.org/on-finished/-/on-finished-2.4.1.tgz. Extracting by manifest.
415 silly tarball no local data for parseurl@https://registry.npmjs.org/parseurl/-/parseurl-1.3.3.tgz. Extracting by manifest.
416 silly tarball no local data for methods@https://registry.npmjs.org/methods/-/methods-1.1.2.tgz. Extracting by manifest.
417 silly tarball no local data for merge-descriptors@https://registry.npmjs.org/merge-descriptors/-/merge-descriptors-1.0.3.tgz. Extracting by manifest.
418 silly tarball no local data for fresh@https://registry.npmjs.org/fresh/-/fresh-0.5.2.tgz. Extracting by manifest.
419 silly tarball no local data for http-errors@https://registry.npmjs.org/http-errors/-/http-errors-2.0.0.tgz. Extracting by manifest.
420 silly tarball no local data for finalhandler@https://registry.npmjs.org/finalhandler/-/finalhandler-1.3.1.tgz. Extracting by manifest.
421 silly tarball no local data for etag@https://registry.npmjs.org/etag/-/etag-1.8.1.tgz. Extracting by manifest.
422 silly tarball no local data for encodeurl@https://registry.npmjs.org/encodeurl/-/encodeurl-2.0.0.tgz. Extracting by manifest.
423 silly tarball no local data for cookie@https://registry.npmjs.org/cookie/-/cookie-0.7.1.tgz. Extracting by manifest.
424 silly tarball no local data for debug@https://registry.npmjs.org/debug/-/debug-2.6.9.tgz. Extracting by manifest.
425 silly tarball no local data for escape-html@https://registry.npmjs.org/escape-html/-/escape-html-1.0.3.tgz. Extracting by manifest.
426 silly tarball no local data for cookie-signature@https://registry.npmjs.org/cookie-signature/-/cookie-signature-1.0.6.tgz. Extracting by manifest.
427 silly tarball no local data for content-type@https://registry.npmjs.org/content-type/-/content-type-1.0.5.tgz. Extracting by manifest.
428 silly tarball no local data for depd@https://registry.npmjs.org/depd/-/depd-2.0.0.tgz. Extracting by manifest.
429 silly tarball no local data for array-flatten@https://registry.npmjs.org/array-flatten/-/array-flatten-1.1.1.tgz. Extracting by manifest.
430 silly tarball no local data for body-parser@https://registry.npmjs.org/body-parser/-/body-parser-1.20.3.tgz. Extracting by manifest.
431 silly tarball no local data for accepts@https://registry.npmjs.org/accepts/-/accepts-1.3.8.tgz. Extracting by manifest.
432 silly tarball no local data for content-disposition@https://registry.npmjs.org/content-disposition/-/content-disposition-0.5.4.tgz. Extracting by manifest.
433 silly tarball no local data for express@https://registry.npmjs.org/express/-/express-4.21.2.tgz. Extracting by manifest.
434 silly tarball no local data for ms@https://registry.npmjs.org/ms/-/ms-2.1.3.tgz. Extracting by manifest.
435 silly tarball no local data for encodeurl@https://registry.npmjs.org/encodeurl/-/encodeurl-1.0.2.tgz. Extracting by manifest.
436 http fetch GET 200 https://registry.npmjs.org/media-typer/-/media-typer-0.3.0.tgz 406ms (cache miss)
437 http fetch GET 200 https://registry.npmjs.org/gopd/-/gopd-1.2.0.tgz 401ms (cache miss)
438 http fetch GET 200 https://registry.npmjs.org/function-bind/-/function-bind-1.1.2.tgz 405ms (cache miss)
439 http fetch GET 200 https://registry.npmjs.org/hasown/-/hasown-2.0.2.tgz 404ms (cache miss)
440 http fetch GET 200 https://registry.npmjs.org/safer-buffer/-/safer-buffer-2.1.2.tgz 412ms (cache miss)
441 http fetch GET 200 https://registry.npmjs.org/ee-first/-/ee-first-1.1.1.tgz 414ms (cache miss)
442 http fetch GET 200 https://registry.npmjs.org/forwarded/-/forwarded-0.2.0.tgz 414ms (cache miss)
443 http fetch GET 200 https://registry.npmjs.org/ipaddr.js/-/ipaddr.js-1.9.1.tgz 423ms (cache miss)
444 http fetch GET 200 https://registry.npmjs.org/toidentifier/-/toidentifier-1.0.1.tgz 425ms (cache miss)
445 http fetch GET 200 https://registry.npmjs.org/has-property-descriptors/-/has-property-descriptors-1.0.2.tgz 450ms (cache miss)
446 http fetch GET 200 https://registry.npmjs.org/mime-db/-/mime-db-1.52.0.tgz 443ms (cache miss)
447 http fetch GET 200 https://registry.npmjs.org/define-data-property/-/define-data-property-1.1.4.tgz 457ms (cache miss)
448 http fetch GET 200 https://registry.npmjs.org/mime/-/mime-1.6.0.tgz 451ms (cache miss)
449 http fetch GET 200 https://registry.npmjs.org/call-bind/-/call-bind-1.0.8.tgz 453ms (cache miss)
450 http fetch GET 200 https://registry.npmjs.org/has-symbols/-/has-symbols-1.1.0.tgz 466ms (cache miss)
451 http fetch GET 200 https://registry.npmjs.org/destroy/-/destroy-1.2.0.tgz 535ms (cache miss)
452 http fetch GET 200 https://registry.npmjs.org/inherits/-/inherits-2.0.4.tgz 537ms (cache miss)
453 http fetch GET 200 https://registry.npmjs.org/negotiator/-/negotiator-0.6.3.tgz 650ms (cache miss)
454 http fetch GET 200 https://registry.npmjs.org/ms/-/ms-2.0.0.tgz 658ms (cache miss)
455 http fetch GET 200 https://registry.npmjs.org/unpipe/-/unpipe-1.0.0.tgz 666ms (cache miss)
456 http fetch GET 200 https://registry.npmjs.org/setprototypeof/-/setprototypeof-1.2.0.tgz 665ms (cache miss)
457 http fetch GET 200 https://registry.npmjs.org/bytes/-/bytes-3.1.2.tgz 669ms (cache miss)
458 http fetch GET 200 https://registry.npmjs.org/mime-types/-/mime-types-2.1.35.tgz 669ms (cache miss)
459 http fetch GET 200 https://registry.npmjs.org/utils-merge/-/utils-merge-1.0.1.tgz 671ms (cache miss)
460 http fetch GET 200 https://registry.npmjs.org/vary/-/vary-1.1.2.tgz 680ms (cache miss)
461 http fetch GET 200 https://registry.npmjs.org/raw-body/-/raw-body-2.5.2.tgz 689ms (cache miss)
462 http fetch GET 200 https://registry.npmjs.org/es-define-property/-/es-define-property-1.0.1.tgz 740ms (cache miss)
463 http fetch GET 200 https://registry.npmjs.org/set-function-length/-/set-function-length-1.2.2.tgz 751ms (cache miss)
464 http fetch GET 200 https://registry.npmjs.org/get-intrinsic/-/get-intrinsic-1.2.5.tgz 785ms (cache miss)
465 http fetch GET 200 https://registry.npmjs.org/side-channel/-/side-channel-1.0.6.tgz 809ms (cache miss)
466 http fetch GET 200 https://registry.npmjs.org/dunder-proto/-/dunder-proto-1.0.0.tgz 856ms (cache miss)
467 http fetch GET 200 https://registry.npmjs.org/parseurl/-/parseurl-1.3.3.tgz 858ms (cache miss)
468 http fetch GET 200 https://registry.npmjs.org/on-finished/-/on-finished-2.4.1.tgz 864ms (cache miss)
469 http fetch GET 200 https://registry.npmjs.org/fresh/-/fresh-0.5.2.tgz 889ms (cache miss)
470 http fetch GET 200 https://registry.npmjs.org/methods/-/methods-1.1.2.tgz 892ms (cache miss)
471 http fetch GET 200 https://registry.npmjs.org/path-to-regexp/-/path-to-regexp-0.1.12.tgz 923ms (cache miss)
472 http fetch GET 200 https://registry.npmjs.org/http-errors/-/http-errors-2.0.0.tgz 940ms (cache miss)
473 http fetch GET 200 https://registry.npmjs.org/range-parser/-/range-parser-1.2.1.tgz 946ms (cache miss)
474 http fetch GET 200 https://registry.npmjs.org/merge-descriptors/-/merge-descriptors-1.0.3.tgz 955ms (cache miss)
475 http fetch GET 200 https://registry.npmjs.org/statuses/-/statuses-2.0.1.tgz 966ms (cache miss)
476 http fetch GET 200 https://registry.npmjs.org/type-is/-/type-is-1.6.18.tgz 970ms (cache miss)
477 http fetch GET 200 https://registry.npmjs.org/send/-/send-0.19.0.tgz 982ms (cache miss)
478 http fetch GET 200 https://registry.npmjs.org/proxy-addr/-/proxy-addr-2.0.7.tgz 985ms (cache miss)
479 http fetch GET 200 https://registry.npmjs.org/call-bind-apply-helpers/-/call-bind-apply-helpers-1.0.1.tgz 1038ms (cache miss)
480 http fetch GET 200 https://registry.npmjs.org/encodeurl/-/encodeurl-2.0.0.tgz 1015ms (cache miss)
481 http fetch GET 200 https://registry.npmjs.org/serve-static/-/serve-static-1.16.2.tgz 1023ms (cache miss)
482 http fetch GET 200 https://registry.npmjs.org/body-parser/-/body-parser-1.20.3.tgz 1017ms (cache miss)
483 http fetch GET 200 https://registry.npmjs.org/safe-buffer/-/safe-buffer-5.2.1.tgz 1034ms (cache miss)
484 http fetch GET 200 https://registry.npmjs.org/cookie-signature/-/cookie-signature-1.0.6.tgz 1025ms (cache miss)
485 http fetch GET 200 https://registry.npmjs.org/accepts/-/accepts-1.3.8.tgz 1023ms (cache miss)
486 http fetch GET 200 https://registry.npmjs.org/ms/-/ms-2.1.3.tgz 1022ms (cache miss)
487 http fetch GET 200 https://registry.npmjs.org/cookie/-/cookie-0.7.1.tgz 1032ms (cache miss)
488 http fetch GET 200 https://registry.npmjs.org/es-errors/-/es-errors-1.3.0.tgz 1057ms (cache miss)
489 http fetch GET 200 https://registry.npmjs.org/escape-html/-/escape-html-1.0.3.tgz 1035ms (cache miss)
490 http fetch GET 200 https://registry.npmjs.org/content-type/-/content-type-1.0.5.tgz 1030ms (cache miss)
491 http fetch GET 200 https://registry.npmjs.org/array-flatten/-/array-flatten-1.1.1.tgz 1030ms (cache miss)
492 http fetch GET 200 https://registry.npmjs.org/etag/-/etag-1.8.1.tgz 1044ms (cache miss)
493 http fetch GET 200 https://registry.npmjs.org/depd/-/depd-2.0.0.tgz 1041ms (cache miss)
494 http fetch GET 200 https://registry.npmjs.org/finalhandler/-/finalhandler-1.3.1.tgz 1054ms (cache miss)
495 http fetch GET 200 https://registry.npmjs.org/content-disposition/-/content-disposition-0.5.4.tgz 1044ms (cache miss)
496 http fetch GET 200 https://registry.npmjs.org/encodeurl/-/encodeurl-1.0.2.tgz 1044ms (cache miss)
497 http fetch GET 200 https://registry.npmjs.org/iconv-lite/-/iconv-lite-0.4.24.tgz 1104ms (cache miss)
498 http fetch GET 200 https://registry.npmjs.org/express/-/express-4.21.2.tgz 1097ms (cache miss)
499 http fetch GET 200 https://registry.npmjs.org/debug/-/debug-2.6.9.tgz 1112ms (cache miss)
500 http fetch GET 200 https://registry.npmjs.org/object-inspect/-/object-inspect-1.13.3.tgz 1138ms (cache miss)
501 http fetch GET 200 https://registry.npmjs.org/qs/-/qs-6.13.0.tgz 1122ms (cache miss)
502 silly ADD node_modules/media-typer
503 silly ADD node_modules/has-property-descriptors
504 silly ADD node_modules/define-data-property
505 silly ADD node_modules/hasown
506 silly ADD node_modules/has-symbols
507 silly ADD node_modules/gopd
508 silly ADD node_modules/dunder-proto
509 silly ADD node_modules/function-bind
510 silly ADD node_modules/set-function-length
511 silly ADD node_modules/es-define-property
512 silly ADD node_modules/call-bind-apply-helpers
513 silly ADD node_modules/object-inspect
514 silly ADD node_modules/get-intrinsic
515 silly ADD node_modules/es-errors
516 silly ADD node_modules/call-bind
517 silly ADD node_modules/mime
518 silly ADD node_modules/side-channel
519 silly ADD node_modules/ipaddr.js
520 silly ADD node_modules/forwarded
521 silly ADD node_modules/ee-first
522 silly ADD node_modules/mime-db
523 silly ADD node_modules/safer-buffer
524 silly ADD node_modules/toidentifier
525 silly ADD node_modules/inherits
526 silly ADD node_modules/ms
527 silly ADD node_modules/unpipe
528 silly ADD node_modules/raw-body
529 silly ADD node_modules/iconv-lite
530 silly ADD node_modules/destroy
531 silly ADD node_modules/bytes
532 silly ADD node_modules/negotiator
533 silly ADD node_modules/mime-types
534 silly ADD node_modules/vary
535 silly ADD node_modules/utils-merge
536 silly ADD node_modules/type-is
537 silly ADD node_modules/statuses
538 silly ADD node_modules/setprototypeof
539 silly ADD node_modules/serve-static
540 silly ADD node_modules/send
541 silly ADD node_modules/send/node_modules/ms
542 silly ADD node_modules/send/node_modules/encodeurl
543 silly ADD node_modules/safe-buffer
544 silly ADD node_modules/range-parser
545 silly ADD node_modules/qs
546 silly ADD node_modules/proxy-addr
547 silly ADD node_modules/path-to-regexp
548 silly ADD node_modules/parseurl
549 silly ADD node_modules/on-finished
550 silly ADD node_modules/methods
551 silly ADD node_modules/merge-descriptors
552 silly ADD node_modules/http-errors
553 silly ADD node_modules/fresh
554 silly ADD node_modules/finalhandler
555 silly ADD node_modules/etag
556 silly ADD node_modules/escape-html
557 silly ADD node_modules/encodeurl
558 silly ADD node_modules/depd
559 silly ADD node_modules/debug
560 silly ADD node_modules/cookie-signature
561 silly ADD node_modules/cookie
562 silly ADD node_modules/content-type
563 silly ADD node_modules/content-disposition
564 silly ADD node_modules/body-parser
565 silly ADD node_modules/array-flatten
566 silly ADD node_modules/accepts
567 silly ADD node_modules/express
568 verbose cwd C:\Users\rayan\Desktop\UBER-VIDEO
569 verbose os Windows_NT 10.0.22631
570 verbose node v20.18.0
571 verbose npm  v10.9.0
572 notice
572 notice New [36mpatch[39m version of npm available! [36m10.9.0[39m -> [34m10.9.2[39m
572 notice Changelog: [34mhttps://github.com/npm/cli/releases/tag/v10.9.2[39m
572 notice To update run: [4mnpm install -g npm@10.9.2[24m
572 notice  { force: true, [Symbol(proc-log.meta)]: true }
573 verbose exit 0
574 info ok
